23-Jul-2020 15:59:06.229 INFO [main] org.apache.catalina.startup.VersionLoggerListener.log Server version name:   Apache Tomcat/9.0.36
23-Jul-2020 15:59:06.232 INFO [main] org.apache.catalina.startup.VersionLoggerListener.log Server built:          Jun 3 2020 17:07:09 UTC
23-Jul-2020 15:59:06.232 INFO [main] org.apache.catalina.startup.VersionLoggerListener.log Server version number: 9.0.36.0
23-Jul-2020 15:59:06.233 INFO [main] org.apache.catalina.startup.VersionLoggerListener.log OS Name:               Windows 10
23-Jul-2020 15:59:06.233 INFO [main] org.apache.catalina.startup.VersionLoggerListener.log OS Version:            10.0
23-Jul-2020 15:59:06.233 INFO [main] org.apache.catalina.startup.VersionLoggerListener.log Architecture:          amd64
23-Jul-2020 15:59:06.233 INFO [main] org.apache.catalina.startup.VersionLoggerListener.log Java Home:             C:\Program Files\Java\jdk1.8.0_231\jre
23-Jul-2020 15:59:06.234 INFO [main] org.apache.catalina.startup.VersionLoggerListener.log JVM Version:           1.8.0_231-b11
23-Jul-2020 15:59:06.234 INFO [main] org.apache.catalina.startup.VersionLoggerListener.log JVM Vendor:            Oracle Corporation
23-Jul-2020 15:59:06.234 INFO [main] org.apache.catalina.startup.VersionLoggerListener.log CATALINA_BASE:         E:\Java_Backend\apache-tomcat-9.0.36\apache-tomcat-9.0.36
23-Jul-2020 15:59:06.234 INFO [main] org.apache.catalina.startup.VersionLoggerListener.log CATALINA_HOME:         E:\Java_Backend\apache-tomcat-9.0.36\apache-tomcat-9.0.36
23-Jul-2020 15:59:06.244 INFO [main] org.apache.catalina.startup.VersionLoggerListener.log Command line argument: -Djava.util.logging.config.file=E:\Java_Backend\apache-tomcat-9.0.36\apache-tomcat-9.0.36\conf\logging.properties
23-Jul-2020 15:59:06.244 INFO [main] org.apache.catalina.startup.VersionLoggerListener.log Command line argument: -Djava.util.logging.manager=org.apache.juli.ClassLoaderLogManager
23-Jul-2020 15:59:06.245 INFO [main] org.apache.catalina.startup.VersionLoggerListener.log Command line argument: -Djdk.tls.ephemeralDHKeySize=2048
23-Jul-2020 15:59:06.245 INFO [main] org.apache.catalina.startup.VersionLoggerListener.log Command line argument: -Djava.protocol.handler.pkgs=org.apache.catalina.webresources
23-Jul-2020 15:59:06.245 INFO [main] org.apache.catalina.startup.VersionLoggerListener.log Command line argument: -Dignore.endorsed.dirs=
23-Jul-2020 15:59:06.245 INFO [main] org.apache.catalina.startup.VersionLoggerListener.log Command line argument: -Dcatalina.base=E:\Java_Backend\apache-tomcat-9.0.36\apache-tomcat-9.0.36
23-Jul-2020 15:59:06.246 INFO [main] org.apache.catalina.startup.VersionLoggerListener.log Command line argument: -Dcatalina.home=E:\Java_Backend\apache-tomcat-9.0.36\apache-tomcat-9.0.36
23-Jul-2020 15:59:06.247 INFO [main] org.apache.catalina.startup.VersionLoggerListener.log Command line argument: -Djava.io.tmpdir=E:\Java_Backend\apache-tomcat-9.0.36\apache-tomcat-9.0.36\temp
23-Jul-2020 15:59:06.248 INFO [main] org.apache.catalina.core.AprLifecycleListener.lifecycleEvent The Apache Tomcat Native library which allows using OpenSSL was not found on the java.library.path: [C:\Program Files\Java\jdk1.8.0_231\bin;C:\Windows\Sun\Java\bin;C:\Windows\system32;C:\Windows;C:\Program Files (x86)\Common Files\Oracle\Java\javapath;C:\Program Files\Microsoft MPI\Bin\;C:\Program Files (x86)\Intel\iCLS Client\;C:\Program Files\Intel\iCLS Client\;C:\Windows\system32;C:\Windows;C:\Windows\System32\Wbem;C:\Windows\System32\WindowsPowerShell\v1.0\;C:\Windows\System32\OpenSSH\;C:\Program Files (x86)\Intel\Intel(R) Management Engine Components\DAL;C:\Program Files\Intel\Intel(R) Management Engine Components\DAL;C:\Program Files (x86)\Intel\Intel(R) Management Engine Components\IPT;C:\Program Files\Intel\Intel(R) Management Engine Components\IPT;C:\Program Files\Intel\WiFi\bin\;C:\Program Files\Common Files\Intel\WirelessCommon\;C:\Program Files\Microsoft SQL Server\130\Tools\Binn\;C:\Program Files (x86)\Microsoft SQL Server\140\Tools\Binn\;C:\Program Files\Microsoft SQL Server\140\Tools\Binn\;C:\Program Files (x86)\Microsoft SQL Server\140\DTS\Binn\;C:\Program Files\Microsoft SQL Server\140\DTS\Binn\;C:\Program Files\Microsoft SQL Server\Client SDK\ODBC\130\Tools\Binn\;C:\Program Files (x86)\Microsoft SQL Server\150\DTS\Binn\;C:\Program Files (x86)\NVIDIA Corporation\PhysX\Common;C:\Program Files\nodejs\;C:\Program Files\Git\cmd;C:\Program Files\dotnet\;C:\Program Files\Microsoft SQL Server\Client SDK\ODBC\170\Tools\Binn\;C:\Program Files\MySQL\MySQL Shell 8.0\bin\;C:\Users\HàMinhHoàng\AppData\Local\Microsoft\WindowsApps;C:\Program Files\Intel\WiFi\bin\;C:\Program Files\Common Files\Intel\WirelessCommon\;"C:\Program Files\Java\jdk1.8.0_231\bin;";C:\Users\HàMinhHoàng\AppData\Roaming\npm;C:\Users\HàMinhHoàng\.dotnet\tools;C:\Users\HàMinhHoàng\AppData\Local\Programs\Microsoft VS Code\bin;.]
23-Jul-2020 15:59:06.653 INFO [main] org.apache.coyote.AbstractProtocol.init Initializing ProtocolHandler ["http-nio-8080"]
23-Jul-2020 15:59:07.017 INFO [main] org.apache.catalina.startup.Catalina.load Server initialization in [1,043] milliseconds
23-Jul-2020 15:59:07.128 INFO [main] org.apache.catalina.core.StandardService.startInternal Starting service [Catalina]
23-Jul-2020 15:59:07.129 INFO [main] org.apache.catalina.core.StandardEngine.startInternal Starting Servlet engine: [Apache Tomcat/9.0.36]
23-Jul-2020 15:59:07.155 INFO [main] org.apache.catalina.startup.HostConfig.deployWAR Deploying web application archive [E:\Java_Backend\apache-tomcat-9.0.36\apache-tomcat-9.0.36\webapps\CRM.war]
23-Jul-2020 15:59:08.225 INFO [main] org.apache.catalina.startup.HostConfig.deployWAR Deployment of web application archive [E:\Java_Backend\apache-tomcat-9.0.36\apache-tomcat-9.0.36\webapps\CRM.war] has finished in [1,070] ms
23-Jul-2020 15:59:08.227 INFO [main] org.apache.catalina.startup.HostConfig.deployDirectory Deploying web application directory [E:\Java_Backend\apache-tomcat-9.0.36\apache-tomcat-9.0.36\webapps\docs]
23-Jul-2020 15:59:08.316 INFO [main] org.apache.catalina.startup.HostConfig.deployDirectory Deployment of web application directory [E:\Java_Backend\apache-tomcat-9.0.36\apache-tomcat-9.0.36\webapps\docs] has finished in [89] ms
23-Jul-2020 15:59:08.317 INFO [main] org.apache.catalina.startup.HostConfig.deployDirectory Deploying web application directory [E:\Java_Backend\apache-tomcat-9.0.36\apache-tomcat-9.0.36\webapps\examples]
23-Jul-2020 15:59:08.920 INFO [main] org.apache.catalina.startup.HostConfig.deployDirectory Deployment of web application directory [E:\Java_Backend\apache-tomcat-9.0.36\apache-tomcat-9.0.36\webapps\examples] has finished in [603] ms
23-Jul-2020 15:59:08.921 INFO [main] org.apache.catalina.startup.HostConfig.deployDirectory Deploying web application directory [E:\Java_Backend\apache-tomcat-9.0.36\apache-tomcat-9.0.36\webapps\host-manager]
23-Jul-2020 15:59:08.980 INFO [main] org.apache.catalina.startup.HostConfig.deployDirectory Deployment of web application directory [E:\Java_Backend\apache-tomcat-9.0.36\apache-tomcat-9.0.36\webapps\host-manager] has finished in [59] ms
23-Jul-2020 15:59:08.980 INFO [main] org.apache.catalina.startup.HostConfig.deployDirectory Deploying web application directory [E:\Java_Backend\apache-tomcat-9.0.36\apache-tomcat-9.0.36\webapps\manager]
23-Jul-2020 15:59:09.015 INFO [main] org.apache.catalina.startup.HostConfig.deployDirectory Deployment of web application directory [E:\Java_Backend\apache-tomcat-9.0.36\apache-tomcat-9.0.36\webapps\manager] has finished in [35] ms
23-Jul-2020 15:59:09.016 INFO [main] org.apache.catalina.startup.HostConfig.deployDirectory Deploying web application directory [E:\Java_Backend\apache-tomcat-9.0.36\apache-tomcat-9.0.36\webapps\ROOT]
23-Jul-2020 15:59:09.066 INFO [main] org.apache.catalina.startup.HostConfig.deployDirectory Deployment of web application directory [E:\Java_Backend\apache-tomcat-9.0.36\apache-tomcat-9.0.36\webapps\ROOT] has finished in [50] ms
23-Jul-2020 15:59:09.071 INFO [main] org.apache.coyote.AbstractProtocol.start Starting ProtocolHandler ["http-nio-8080"]
23-Jul-2020 15:59:09.082 INFO [main] org.apache.catalina.startup.Catalina.start Server startup in [2,063] milliseconds
23-Jul-2020 16:00:04.036 INFO [main] org.apache.catalina.core.StandardServer.await A valid shutdown command was received via the shutdown port. Stopping the Server instance.
23-Jul-2020 16:00:04.036 INFO [main] org.apache.coyote.AbstractProtocol.pause Pausing ProtocolHandler ["http-nio-8080"]
23-Jul-2020 16:00:04.312 INFO [main] org.apache.catalina.core.StandardService.stopInternal Stopping service [Catalina]
23-Jul-2020 16:00:04.358 INFO [main] org.apache.coyote.AbstractProtocol.stop Stopping ProtocolHandler ["http-nio-8080"]
23-Jul-2020 16:00:04.359 INFO [main] org.apache.coyote.AbstractProtocol.destroy Destroying ProtocolHandler ["http-nio-8080"]
